<?xml version="1.0" encoding="UTF-8"?>
<robot generator="Robot 7.0 (Python 3.12.1 on win32)" generated="2024-06-03T19:37:32.225905" rpa="false" schemaversion="5">
<suite id="s1" name="loginAndCheckout" source="C:\Python_RobotF_BDD_POO\pythonRF\src\suites\loginAndCheckout.robot">
<test id="s1-t1" name="Cenário 01: Criar um usuário - sucesso" line="5">
<kw name="Abrir o browser" owner="hooks">
<kw name="Open Browser" owner="SeleniumLibrary">
<msg time="2024-06-03T19:37:32.413821" level="INFO">Opening browser 'chrome' to base url 'http://www.automationpractice.pl/index.php'.</msg>
<msg time="2024-06-03T19:37:32.476810" level="INFO">Cannot capture screenshot because no browser is open.</msg>
<msg time="2024-06-03T19:37:32.476810" level="FAIL">OSError: [WinError 193] %1 is not a valid Win32 application</msg>
<arg>${hooks.URL}</arg>
<arg>${hooks.BROWSER}</arg>
<doc>Opens a new browser instance to the optional ``url``.</doc>
<status status="FAIL" start="2024-06-03T19:37:32.413821" elapsed="0.062989">OSError: [WinError 193] %1 is not a valid Win32 application</status>
</kw>
<status status="FAIL" start="2024-06-03T19:37:32.413821" elapsed="0.062989">OSError: [WinError 193] %1 is not a valid Win32 application</status>
</kw>
<kw name="Dado Acessar a página de login do sistema" owner="loginPage">
<status status="NOT RUN" start="2024-06-03T19:37:32.476810" elapsed="0.000000"/>
</kw>
<kw name="E criar um novo usuario" owner="addNewUserPage">
<status status="NOT RUN" start="2024-06-03T19:37:32.476810" elapsed="0.000000"/>
</kw>
<kw name="Quando preencher o formulario e cadastrar" owner="addNewUserPage">
<arg>${True}</arg>
<status status="NOT RUN" start="2024-06-03T19:37:32.476810" elapsed="0.000000"/>
</kw>
<kw name="Entao validar se usuario foi criado com sucesso" owner="addNewUserPage">
<status status="NOT RUN" start="2024-06-03T19:37:32.476810" elapsed="0.000000"/>
</kw>
<kw name="E fechar o browser" owner="loginPage">
<status status="NOT RUN" start="2024-06-03T19:37:32.476810" elapsed="0.000000"/>
</kw>
<status status="FAIL" start="2024-06-03T19:37:32.413821" elapsed="0.062989">OSError: [WinError 193] %1 is not a valid Win32 application</status>
</test>
<test id="s1-t2" name="Cenário 02: Criar um usuário - insucesso" line="13">
<kw name="Abrir o browser" owner="hooks">
<kw name="Open Browser" owner="SeleniumLibrary">
<msg time="2024-06-03T19:37:32.476810" level="INFO">Opening browser 'chrome' to base url 'http://www.automationpractice.pl/index.php'.</msg>
<msg time="2024-06-03T19:37:32.476810" level="INFO">Cannot capture screenshot because no browser is open.</msg>
<msg time="2024-06-03T19:37:32.476810" level="FAIL">OSError: [WinError 193] %1 is not a valid Win32 application</msg>
<arg>${hooks.URL}</arg>
<arg>${hooks.BROWSER}</arg>
<doc>Opens a new browser instance to the optional ``url``.</doc>
<status status="FAIL" start="2024-06-03T19:37:32.476810" elapsed="0.000000">OSError: [WinError 193] %1 is not a valid Win32 application</status>
</kw>
<status status="FAIL" start="2024-06-03T19:37:32.476810" elapsed="0.015621">OSError: [WinError 193] %1 is not a valid Win32 application</status>
</kw>
<kw name="Dado Acessar a página de login do sistema" owner="loginPage">
<status status="NOT RUN" start="2024-06-03T19:37:32.492431" elapsed="0.000000"/>
</kw>
<kw name="E criar um novo usuario" owner="addNewUserPage">
<status status="NOT RUN" start="2024-06-03T19:37:32.492431" elapsed="0.000000"/>
</kw>
<kw name="Quando preencher o formulario e cadastrar" owner="addNewUserPage">
<arg>${False}</arg>
<status status="NOT RUN" start="2024-06-03T19:37:32.492431" elapsed="0.000000"/>
</kw>
<kw name="Entao validar a mensagem de insucesso" owner="addNewUserPage">
<status status="NOT RUN" start="2024-06-03T19:37:32.492431" elapsed="0.000000"/>
</kw>
<kw name="E fechar o browser" owner="loginPage">
<status status="NOT RUN" start="2024-06-03T19:37:32.492431" elapsed="0.000000"/>
</kw>
<status status="FAIL" start="2024-06-03T19:37:32.476810" elapsed="0.015621">OSError: [WinError 193] %1 is not a valid Win32 application</status>
</test>
<test id="s1-t3" name="Cenário 03: Login com user ja cadastrado" line="21">
<kw name="Abrir o browser" owner="hooks">
<kw name="Open Browser" owner="SeleniumLibrary">
<msg time="2024-06-03T19:37:32.492431" level="INFO">Opening browser 'chrome' to base url 'http://www.automationpractice.pl/index.php'.</msg>
<msg time="2024-06-03T19:37:32.492431" level="INFO">Cannot capture screenshot because no browser is open.</msg>
<msg time="2024-06-03T19:37:32.492431" level="FAIL">OSError: [WinError 193] %1 is not a valid Win32 application</msg>
<arg>${hooks.URL}</arg>
<arg>${hooks.BROWSER}</arg>
<doc>Opens a new browser instance to the optional ``url``.</doc>
<status status="FAIL" start="2024-06-03T19:37:32.492431" elapsed="0.000000">OSError: [WinError 193] %1 is not a valid Win32 application</status>
</kw>
<status status="FAIL" start="2024-06-03T19:37:32.492431" elapsed="0.000000">OSError: [WinError 193] %1 is not a valid Win32 application</status>
</kw>
<kw name="Dado Acessar a página de login do sistema" owner="loginPage">
<status status="NOT RUN" start="2024-06-03T19:37:32.492431" elapsed="0.000000"/>
</kw>
<kw name="E inserir os dados de login" owner="loginPage">
<status status="NOT RUN" start="2024-06-03T19:37:32.492431" elapsed="0.000000"/>
</kw>
<kw name="E fechar o browser" owner="loginPage">
<status status="NOT RUN" start="2024-06-03T19:37:32.492431" elapsed="0.000000"/>
</kw>
<status status="FAIL" start="2024-06-03T19:37:32.492431" elapsed="0.000000">OSError: [WinError 193] %1 is not a valid Win32 application</status>
</test>
<test id="s1-t4" name="Cenário 04: Criar um usuário e realizar a compra de um produto" line="27">
<kw name="Abrir o browser" owner="hooks">
<kw name="Open Browser" owner="SeleniumLibrary">
<msg time="2024-06-03T19:37:32.492431" level="INFO">Opening browser 'chrome' to base url 'http://www.automationpractice.pl/index.php'.</msg>
<msg time="2024-06-03T19:37:32.492431" level="INFO">Cannot capture screenshot because no browser is open.</msg>
<msg time="2024-06-03T19:37:32.492431" level="FAIL">OSError: [WinError 193] %1 is not a valid Win32 application</msg>
<arg>${hooks.URL}</arg>
<arg>${hooks.BROWSER}</arg>
<doc>Opens a new browser instance to the optional ``url``.</doc>
<status status="FAIL" start="2024-06-03T19:37:32.492431" elapsed="0.000000">OSError: [WinError 193] %1 is not a valid Win32 application</status>
</kw>
<status status="FAIL" start="2024-06-03T19:37:32.492431" elapsed="0.000000">OSError: [WinError 193] %1 is not a valid Win32 application</status>
</kw>
<kw name="Dado Acessar a página de login do sistema" owner="loginPage">
<status status="NOT RUN" start="2024-06-03T19:37:32.492431" elapsed="0.000000"/>
</kw>
<kw name="E criar um novo usuario" owner="addNewUserPage">
<status status="NOT RUN" start="2024-06-03T19:37:32.492431" elapsed="0.000000"/>
</kw>
<kw name="Quando preencher o formulario e cadastrar" owner="addNewUserPage">
<arg>${True}</arg>
<status status="NOT RUN" start="2024-06-03T19:37:32.492431" elapsed="0.000000"/>
</kw>
<kw name="Entao validar se usuario foi criado com sucesso" owner="addNewUserPage">
<status status="NOT RUN" start="2024-06-03T19:37:32.492431" elapsed="0.000000"/>
</kw>
<kw name="E adicionar um produto na categoria" owner="checkoutPage">
<arg>WOMEN</arg>
<status status="NOT RUN" start="2024-06-03T19:37:32.492431" elapsed="0.000000"/>
</kw>
<kw name="E fechar o browser" owner="loginPage">
<status status="NOT RUN" start="2024-06-03T19:37:32.492431" elapsed="0.000000"/>
</kw>
<status status="FAIL" start="2024-06-03T19:37:32.492431" elapsed="0.015621">OSError: [WinError 193] %1 is not a valid Win32 application</status>
</test>
<status status="FAIL" start="2024-06-03T19:37:32.225905" elapsed="0.282147"/>
</suite>
<statistics>
<total>
<stat pass="0" fail="4" skip="0">All Tests</stat>
</total>
<tag>
</tag>
<suite>
<stat pass="0" fail="4" skip="0" id="s1" name="loginAndCheckout">loginAndCheckout</stat>
</suite>
</statistics>
<errors>
</errors>
</robot>
